<?xml version="1.0" encoding="UTF-8"?>
<!-- Generated by org.testng.reporters.JUnitReportReporter -->
<testsuite skipped="0" hostname="DESKTOP-E8RQPTR" name="com.Base.LoginTest" tests="1" failures="0" timestamp="25 Apr 2021 04:06:13 GMT" time="9.608" errors="0">
  <testcase name="login" time="9.608" classname="com.Base.LoginTest"/>
</testsuite> <!-- com.Base.LoginTest -->
